3> Event: Initialized on 8080 with clock rate 1 | System Time: 2025-02-28 18:57:48 | Logical Clock: 0 | Queue Length: 0
3> Event: Connected to machine 1 on port 12345 | System Time: 2025-02-28 18:57:48 | Logical Clock: 0 | Queue Length: 0
3> Event: Connected to machine 2 on port 54321 | System Time: 2025-02-28 18:57:48 | Logical Clock: 0 | Queue Length: 0
3> Event: Sent message to machine 1 | System Time: 2025-02-28 18:57:49 | Logical Clock: 1 | Queue Length: 0
3> Event: Sent message to machine 1 | System Time: 2025-02-28 18:57:50 | Logical Clock: 2 | Queue Length: 0
3> Event: Internal event | System Time: 2025-02-28 18:57:51 | Logical Clock: 3 | Queue Length: 0
3> Event: Sent message to machine 1 | System Time: 2025-02-28 18:57:52 | Logical Clock: 4 | Queue Length: 0
3> Event: Processed message | System Time: 2025-02-28 18:57:53 | Logical Clock: 10 | Queue Length: 1
3> Event: Sent message to machine 1 | System Time: 2025-02-28 18:57:54 | Logical Clock: 11 | Queue Length: 0
3> Event: Sent message to machine 2 | System Time: 2025-02-28 18:57:54 | Logical Clock: 11 | Queue Length: 0
3> Event: Internal event | System Time: 2025-02-28 18:57:55 | Logical Clock: 12 | Queue Length: 0
3> Event: Processed message | System Time: 2025-02-28 18:57:56 | Logical Clock: 15 | Queue Length: 1
3> Event: Processed message | System Time: 2025-02-28 18:57:57 | Logical Clock: 18 | Queue Length: 1
3> Event: Internal event | System Time: 2025-02-28 18:57:58 | Logical Clock: 19 | Queue Length: 0
3> Event: Sent message to machine 2 | System Time: 2025-02-28 18:57:59 | Logical Clock: 20 | Queue Length: 0
3> Event: Processed message | System Time: 2025-02-28 18:58:00 | Logical Clock: 22 | Queue Length: 1
3> Event: Sent message to machine 1 | System Time: 2025-02-28 18:58:01 | Logical Clock: 23 | Queue Length: 0
3> Event: Internal event | System Time: 2025-02-28 18:58:02 | Logical Clock: 24 | Queue Length: 0
3> Event: Internal event | System Time: 2025-02-28 18:58:03 | Logical Clock: 25 | Queue Length: 0
3> Event: Internal event | System Time: 2025-02-28 18:58:04 | Logical Clock: 26 | Queue Length: 0
3> Event: Internal event | System Time: 2025-02-28 18:58:05 | Logical Clock: 27 | Queue Length: 0
3> Event: Internal event | System Time: 2025-02-28 18:58:06 | Logical Clock: 28 | Queue Length: 0
3> Event: Processed message | System Time: 2025-02-28 18:58:07 | Logical Clock: 38 | Queue Length: 1
3> Event: Sent message to machine 2 | System Time: 2025-02-28 18:58:08 | Logical Clock: 39 | Queue Length: 0
3> Event: Processed message | System Time: 2025-02-28 18:58:09 | Logical Clock: 42 | Queue Length: 1
3> Event: Processed message | System Time: 2025-02-28 18:58:10 | Logical Clock: 43 | Queue Length: 1
3> Event: Internal event | System Time: 2025-02-28 18:58:11 | Logical Clock: 44 | Queue Length: 0
3> Event: Internal event | System Time: 2025-02-28 18:58:12 | Logical Clock: 45 | Queue Length: 0
3> Event: Internal event | System Time: 2025-02-28 18:58:13 | Logical Clock: 46 | Queue Length: 0
3> Event: Processed message | System Time: 2025-02-28 18:58:14 | Logical Clock: 51 | Queue Length: 1
3> Event: Sent message to machine 2 | System Time: 2025-02-28 18:58:15 | Logical Clock: 52 | Queue Length: 0
3> Event: Internal event | System Time: 2025-02-28 18:58:16 | Logical Clock: 53 | Queue Length: 0
3> Event: Internal event | System Time: 2025-02-28 18:58:17 | Logical Clock: 54 | Queue Length: 0
3> Event: Processed message | System Time: 2025-02-28 18:58:18 | Logical Clock: 57 | Queue Length: 1
3> Event: Internal event | System Time: 2025-02-28 18:58:19 | Logical Clock: 58 | Queue Length: 0
3> Event: Processed message | System Time: 2025-02-28 18:58:20 | Logical Clock: 59 | Queue Length: 2
3> Event: Processed message | System Time: 2025-02-28 18:58:21 | Logical Clock: 64 | Queue Length: 2
3> Event: Processed message | System Time: 2025-02-28 18:58:22 | Logical Clock: 65 | Queue Length: 2
3> Event: Processed message | System Time: 2025-02-28 18:58:23 | Logical Clock: 66 | Queue Length: 3
3> Event: Processed message | System Time: 2025-02-28 18:58:24 | Logical Clock: 67 | Queue Length: 3
3> Event: Processed message | System Time: 2025-02-28 18:58:25 | Logical Clock: 69 | Queue Length: 3
3> Event: Processed message | System Time: 2025-02-28 18:58:26 | Logical Clock: 70 | Queue Length: 2
3> Event: Processed message | System Time: 2025-02-28 18:58:27 | Logical Clock: 73 | Queue Length: 1
3> Event: Internal event | System Time: 2025-02-28 18:58:28 | Logical Clock: 74 | Queue Length: 0
3> Event: Processed message | System Time: 2025-02-28 18:58:29 | Logical Clock: 78 | Queue Length: 1
3> Event: Processed message | System Time: 2025-02-28 18:58:30 | Logical Clock: 83 | Queue Length: 1
3> Event: Internal event | System Time: 2025-02-28 18:58:31 | Logical Clock: 84 | Queue Length: 0
3> Event: Internal event | System Time: 2025-02-28 18:58:32 | Logical Clock: 85 | Queue Length: 0
3> Event: Processed message | System Time: 2025-02-28 18:58:33 | Logical Clock: 86 | Queue Length: 2
3> Event: Processed message | System Time: 2025-02-28 18:58:34 | Logical Clock: 90 | Queue Length: 1
3> Event: Internal event | System Time: 2025-02-28 18:58:35 | Logical Clock: 91 | Queue Length: 0
3> Event: Processed message | System Time: 2025-02-28 18:58:36 | Logical Clock: 95 | Queue Length: 1
3> Event: Sent message to machine 2 | System Time: 2025-02-28 18:58:37 | Logical Clock: 96 | Queue Length: 0
3> Event: Processed message | System Time: 2025-02-28 18:58:38 | Logical Clock: 100 | Queue Length: 1
3> Event: Internal event | System Time: 2025-02-28 18:58:39 | Logical Clock: 101 | Queue Length: 0
3> Event: Processed message | System Time: 2025-02-28 18:58:40 | Logical Clock: 103 | Queue Length: 1
3> Event: Processed message | System Time: 2025-02-28 18:58:41 | Logical Clock: 104 | Queue Length: 2
3> Event: Processed message | System Time: 2025-02-28 18:58:42 | Logical Clock: 106 | Queue Length: 2
3> Event: Processed message | System Time: 2025-02-28 18:58:43 | Logical Clock: 108 | Queue Length: 2
3> Event: Processed message | System Time: 2025-02-28 18:58:44 | Logical Clock: 109 | Queue Length: 1
3> Event: Processed message | System Time: 2025-02-28 18:58:45 | Logical Clock: 113 | Queue Length: 1
3> Event: Processed message | System Time: 2025-02-28 18:58:46 | Logical Clock: 115 | Queue Length: 1
3> Event: Internal event | System Time: 2025-02-28 18:58:47 | Logical Clock: 116 | Queue Length: 0
3> Event: Stopped | System Time: 2025-02-28 18:58:48 | Logical Clock: 116 | Queue Length: 0
3> Event: Internal event | System Time: 2025-02-28 18:58:48 | Logical Clock: 117 | Queue Length: 0
