3> Event: Initialized on 8080 with clock rate 2 | System Time: 2025-02-28 19:05:46 | Logical Clock: 0 | Queue Length: 0
3> Event: Connected to machine 1 on port 12345 | System Time: 2025-02-28 19:05:46 | Logical Clock: 0 | Queue Length: 0
3> Event: Connected to machine 2 on port 54321 | System Time: 2025-02-28 19:05:46 | Logical Clock: 0 | Queue Length: 0
3> Event: Processed message | System Time: 2025-02-28 19:05:46 | Logical Clock: 2 | Queue Length: 2
3> Event: Processed message | System Time: 2025-02-28 19:05:47 | Logical Clock: 3 | Queue Length: 1
3> Event: Processed message | System Time: 2025-02-28 19:05:47 | Logical Clock: 8 | Queue Length: 2
3> Event: Processed message | System Time: 2025-02-28 19:05:48 | Logical Clock: 9 | Queue Length: 2
3> Event: Processed message | System Time: 2025-02-28 19:05:48 | Logical Clock: 12 | Queue Length: 1
3> Event: Processed message | System Time: 2025-02-28 19:05:49 | Logical Clock: 18 | Queue Length: 1
3> Event: Processed message | System Time: 2025-02-28 19:05:49 | Logical Clock: 20 | Queue Length: 1
3> Event: Processed message | System Time: 2025-02-28 19:05:50 | Logical Clock: 24 | Queue Length: 1
3> Event: Sent message to machine 1 | System Time: 2025-02-28 19:05:50 | Logical Clock: 25 | Queue Length: 0
3> Event: Sent message to machine 2 | System Time: 2025-02-28 19:05:50 | Logical Clock: 25 | Queue Length: 0
3> Event: Processed message | System Time: 2025-02-28 19:05:51 | Logical Clock: 29 | Queue Length: 1
3> Event: Processed message | System Time: 2025-02-28 19:05:51 | Logical Clock: 33 | Queue Length: 1
3> Event: Processed message | System Time: 2025-02-28 19:05:52 | Logical Clock: 36 | Queue Length: 1
3> Event: Processed message | System Time: 2025-02-28 19:05:52 | Logical Clock: 38 | Queue Length: 1
3> Event: Processed message | System Time: 2025-02-28 19:05:53 | Logical Clock: 40 | Queue Length: 2
3> Event: Processed message | System Time: 2025-02-28 19:05:53 | Logical Clock: 41 | Queue Length: 2
3> Event: Processed message | System Time: 2025-02-28 19:05:54 | Logical Clock: 44 | Queue Length: 2
3> Event: Processed message | System Time: 2025-02-28 19:05:54 | Logical Clock: 46 | Queue Length: 3
3> Event: Processed message | System Time: 2025-02-28 19:05:55 | Logical Clock: 49 | Queue Length: 4
3> Event: Processed message | System Time: 2025-02-28 19:05:55 | Logical Clock: 50 | Queue Length: 3
3> Event: Processed message | System Time: 2025-02-28 19:05:56 | Logical Clock: 52 | Queue Length: 2
3> Event: Processed message | System Time: 2025-02-28 19:05:57 | Logical Clock: 53 | Queue Length: 2
3> Event: Processed message | System Time: 2025-02-28 19:05:57 | Logical Clock: 62 | Queue Length: 3
3> Event: Processed message | System Time: 2025-02-28 19:05:58 | Logical Clock: 63 | Queue Length: 4
3> Event: Processed message | System Time: 2025-02-28 19:05:58 | Logical Clock: 64 | Queue Length: 3
3> Event: Processed message | System Time: 2025-02-28 19:05:59 | Logical Clock: 66 | Queue Length: 4
3> Event: Processed message | System Time: 2025-02-28 19:05:59 | Logical Clock: 68 | Queue Length: 5
3> Event: Processed message | System Time: 2025-02-28 19:06:00 | Logical Clock: 72 | Queue Length: 5
3> Event: Processed message | System Time: 2025-02-28 19:06:00 | Logical Clock: 74 | Queue Length: 4
3> Event: Processed message | System Time: 2025-02-28 19:06:01 | Logical Clock: 76 | Queue Length: 5
3> Event: Processed message | System Time: 2025-02-28 19:06:01 | Logical Clock: 77 | Queue Length: 5
3> Event: Processed message | System Time: 2025-02-28 19:06:02 | Logical Clock: 79 | Queue Length: 5
3> Event: Processed message | System Time: 2025-02-28 19:06:02 | Logical Clock: 84 | Queue Length: 4
3> Event: Processed message | System Time: 2025-02-28 19:06:03 | Logical Clock: 85 | Queue Length: 3
3> Event: Processed message | System Time: 2025-02-28 19:06:03 | Logical Clock: 86 | Queue Length: 4
3> Event: Processed message | System Time: 2025-02-28 19:06:04 | Logical Clock: 89 | Queue Length: 6
3> Event: Processed message | System Time: 2025-02-28 19:06:04 | Logical Clock: 99 | Queue Length: 6
3> Event: Processed message | System Time: 2025-02-28 19:06:05 | Logical Clock: 100 | Queue Length: 7
3> Event: Processed message | System Time: 2025-02-28 19:06:05 | Logical Clock: 101 | Queue Length: 7
3> Event: Processed message | System Time: 2025-02-28 19:06:06 | Logical Clock: 102 | Queue Length: 7
3> Event: Processed message | System Time: 2025-02-28 19:06:06 | Logical Clock: 103 | Queue Length: 6
3> Event: Processed message | System Time: 2025-02-28 19:06:07 | Logical Clock: 104 | Queue Length: 5
3> Event: Processed message | System Time: 2025-02-28 19:06:07 | Logical Clock: 107 | Queue Length: 7
3> Event: Processed message | System Time: 2025-02-28 19:06:08 | Logical Clock: 108 | Queue Length: 7
3> Event: Processed message | System Time: 2025-02-28 19:06:08 | Logical Clock: 110 | Queue Length: 8
3> Event: Processed message | System Time: 2025-02-28 19:06:09 | Logical Clock: 114 | Queue Length: 9
3> Event: Processed message | System Time: 2025-02-28 19:06:09 | Logical Clock: 122 | Queue Length: 10
3> Event: Processed message | System Time: 2025-02-28 19:06:10 | Logical Clock: 123 | Queue Length: 10
3> Event: Processed message | System Time: 2025-02-28 19:06:10 | Logical Clock: 124 | Queue Length: 10
3> Event: Processed message | System Time: 2025-02-28 19:06:11 | Logical Clock: 127 | Queue Length: 10
3> Event: Processed message | System Time: 2025-02-28 19:06:11 | Logical Clock: 128 | Queue Length: 11
3> Event: Processed message | System Time: 2025-02-28 19:06:12 | Logical Clock: 129 | Queue Length: 11
3> Event: Processed message | System Time: 2025-02-28 19:06:12 | Logical Clock: 130 | Queue Length: 10
3> Event: Processed message | System Time: 2025-02-28 19:06:13 | Logical Clock: 132 | Queue Length: 11
3> Event: Processed message | System Time: 2025-02-28 19:06:13 | Logical Clock: 134 | Queue Length: 13
3> Event: Processed message | System Time: 2025-02-28 19:06:14 | Logical Clock: 135 | Queue Length: 13
3> Event: Processed message | System Time: 2025-02-28 19:06:14 | Logical Clock: 138 | Queue Length: 15
3> Event: Processed message | System Time: 2025-02-28 19:06:15 | Logical Clock: 141 | Queue Length: 16
3> Event: Processed message | System Time: 2025-02-28 19:06:15 | Logical Clock: 144 | Queue Length: 16
3> Event: Processed message | System Time: 2025-02-28 19:06:16 | Logical Clock: 145 | Queue Length: 16
3> Event: Processed message | System Time: 2025-02-28 19:06:16 | Logical Clock: 147 | Queue Length: 17
3> Event: Processed message | System Time: 2025-02-28 19:06:17 | Logical Clock: 150 | Queue Length: 18
3> Event: Processed message | System Time: 2025-02-28 19:06:17 | Logical Clock: 154 | Queue Length: 17
3> Event: Processed message | System Time: 2025-02-28 19:06:18 | Logical Clock: 155 | Queue Length: 18
3> Event: Processed message | System Time: 2025-02-28 19:06:18 | Logical Clock: 157 | Queue Length: 18
3> Event: Processed message | System Time: 2025-02-28 19:06:19 | Logical Clock: 158 | Queue Length: 18
3> Event: Processed message | System Time: 2025-02-28 19:06:19 | Logical Clock: 159 | Queue Length: 18
3> Event: Processed message | System Time: 2025-02-28 19:06:20 | Logical Clock: 162 | Queue Length: 17
3> Event: Processed message | System Time: 2025-02-28 19:06:20 | Logical Clock: 163 | Queue Length: 17
3> Event: Processed message | System Time: 2025-02-28 19:06:21 | Logical Clock: 164 | Queue Length: 17
3> Event: Processed message | System Time: 2025-02-28 19:06:21 | Logical Clock: 165 | Queue Length: 16
3> Event: Processed message | System Time: 2025-02-28 19:06:22 | Logical Clock: 166 | Queue Length: 17
3> Event: Processed message | System Time: 2025-02-28 19:06:22 | Logical Clock: 168 | Queue Length: 17
3> Event: Processed message | System Time: 2025-02-28 19:06:23 | Logical Clock: 170 | Queue Length: 17
3> Event: Processed message | System Time: 2025-02-28 19:06:23 | Logical Clock: 173 | Queue Length: 17
3> Event: Processed message | System Time: 2025-02-28 19:06:24 | Logical Clock: 174 | Queue Length: 17
3> Event: Processed message | System Time: 2025-02-28 19:06:24 | Logical Clock: 176 | Queue Length: 19
3> Event: Processed message | System Time: 2025-02-28 19:06:25 | Logical Clock: 177 | Queue Length: 19
3> Event: Processed message | System Time: 2025-02-28 19:06:25 | Logical Clock: 178 | Queue Length: 19
3> Event: Processed message | System Time: 2025-02-28 19:06:26 | Logical Clock: 183 | Queue Length: 21
3> Event: Processed message | System Time: 2025-02-28 19:06:26 | Logical Clock: 185 | Queue Length: 20
3> Event: Processed message | System Time: 2025-02-28 19:06:27 | Logical Clock: 188 | Queue Length: 19
3> Event: Processed message | System Time: 2025-02-28 19:06:27 | Logical Clock: 190 | Queue Length: 19
3> Event: Processed message | System Time: 2025-02-28 19:06:28 | Logical Clock: 192 | Queue Length: 19
3> Event: Processed message | System Time: 2025-02-28 19:06:28 | Logical Clock: 200 | Queue Length: 18
3> Event: Processed message | System Time: 2025-02-28 19:06:29 | Logical Clock: 203 | Queue Length: 17
3> Event: Processed message | System Time: 2025-02-28 19:06:29 | Logical Clock: 208 | Queue Length: 16
3> Event: Processed message | System Time: 2025-02-28 19:06:30 | Logical Clock: 209 | Queue Length: 16
3> Event: Processed message | System Time: 2025-02-28 19:06:30 | Logical Clock: 211 | Queue Length: 16
3> Event: Processed message | System Time: 2025-02-28 19:06:31 | Logical Clock: 214 | Queue Length: 18
3> Event: Processed message | System Time: 2025-02-28 19:06:31 | Logical Clock: 216 | Queue Length: 17
3> Event: Processed message | System Time: 2025-02-28 19:06:32 | Logical Clock: 219 | Queue Length: 17
3> Event: Processed message | System Time: 2025-02-28 19:06:32 | Logical Clock: 221 | Queue Length: 16
3> Event: Processed message | System Time: 2025-02-28 19:06:33 | Logical Clock: 222 | Queue Length: 16
3> Event: Processed message | System Time: 2025-02-28 19:06:33 | Logical Clock: 223 | Queue Length: 16
3> Event: Processed message | System Time: 2025-02-28 19:06:34 | Logical Clock: 226 | Queue Length: 17
3> Event: Processed message | System Time: 2025-02-28 19:06:34 | Logical Clock: 229 | Queue Length: 16
3> Event: Processed message | System Time: 2025-02-28 19:06:35 | Logical Clock: 230 | Queue Length: 17
3> Event: Processed message | System Time: 2025-02-28 19:06:35 | Logical Clock: 231 | Queue Length: 17
3> Event: Processed message | System Time: 2025-02-28 19:06:36 | Logical Clock: 232 | Queue Length: 18
3> Event: Processed message | System Time: 2025-02-28 19:06:36 | Logical Clock: 239 | Queue Length: 18
3> Event: Processed message | System Time: 2025-02-28 19:06:37 | Logical Clock: 242 | Queue Length: 17
3> Event: Processed message | System Time: 2025-02-28 19:06:37 | Logical Clock: 253 | Queue Length: 17
3> Event: Processed message | System Time: 2025-02-28 19:06:38 | Logical Clock: 257 | Queue Length: 18
3> Event: Processed message | System Time: 2025-02-28 19:06:38 | Logical Clock: 259 | Queue Length: 17
3> Event: Processed message | System Time: 2025-02-28 19:06:39 | Logical Clock: 260 | Queue Length: 18
3> Event: Processed message | System Time: 2025-02-28 19:06:39 | Logical Clock: 261 | Queue Length: 19
3> Event: Processed message | System Time: 2025-02-28 19:06:40 | Logical Clock: 267 | Queue Length: 19
3> Event: Processed message | System Time: 2025-02-28 19:06:40 | Logical Clock: 271 | Queue Length: 18
3> Event: Processed message | System Time: 2025-02-28 19:06:41 | Logical Clock: 275 | Queue Length: 19
3> Event: Processed message | System Time: 2025-02-28 19:06:42 | Logical Clock: 278 | Queue Length: 19
3> Event: Processed message | System Time: 2025-02-28 19:06:42 | Logical Clock: 279 | Queue Length: 19
3> Event: Processed message | System Time: 2025-02-28 19:06:43 | Logical Clock: 283 | Queue Length: 19
3> Event: Processed message | System Time: 2025-02-28 19:06:43 | Logical Clock: 284 | Queue Length: 19
3> Event: Processed message | System Time: 2025-02-28 19:06:44 | Logical Clock: 287 | Queue Length: 19
3> Event: Processed message | System Time: 2025-02-28 19:06:44 | Logical Clock: 289 | Queue Length: 18
3> Event: Processed message | System Time: 2025-02-28 19:06:45 | Logical Clock: 290 | Queue Length: 19
3> Event: Processed message | System Time: 2025-02-28 19:06:45 | Logical Clock: 292 | Queue Length: 19
3> Event: Processed message | System Time: 2025-02-28 19:06:46 | Logical Clock: 297 | Queue Length: 18
3> Event: Stopped | System Time: 2025-02-28 19:06:46 | Logical Clock: 297 | Queue Length: 18
3> Event: Processed message | System Time: 2025-02-28 19:06:46 | Logical Clock: 300 | Queue Length: 18
