1> Event: Initialized on 12345 with clock rate 2 | System Time: 2025-02-28 17:46:09 | Logical Clock: 0 | Queue Length: 0
1> Event: Connected to machine 2 on port 54321 | System Time: 2025-02-28 17:46:09 | Logical Clock: 0 | Queue Length: 0
1> Event: Connected to machine 3 on port 8080 | System Time: 2025-02-28 17:46:09 | Logical Clock: 0 | Queue Length: 0
1> Event: Processed message | System Time: 2025-02-28 17:46:09 | Logical Clock: 2 | Queue Length: 2
1> Event: Processed message | System Time: 2025-02-28 17:46:10 | Logical Clock: 3 | Queue Length: 1
1> Event: Internal event | System Time: 2025-02-28 17:46:10 | Logical Clock: 4 | Queue Length: 0
1> Event: Processed message | System Time: 2025-02-28 17:46:11 | Logical Clock: 8 | Queue Length: 1
1> Event: Processed message | System Time: 2025-02-28 17:46:11 | Logical Clock: 14 | Queue Length: 2
1> Event: Processed message | System Time: 2025-02-28 17:46:12 | Logical Clock: 15 | Queue Length: 3
1> Event: Processed message | System Time: 2025-02-28 17:46:12 | Logical Clock: 17 | Queue Length: 3
1> Event: Processed message | System Time: 2025-02-28 17:46:13 | Logical Clock: 18 | Queue Length: 3
1> Event: Processed message | System Time: 2025-02-28 17:46:13 | Logical Clock: 20 | Queue Length: 4
1> Event: Processed message | System Time: 2025-02-28 17:46:14 | Logical Clock: 21 | Queue Length: 5
1> Event: Processed message | System Time: 2025-02-28 17:46:14 | Logical Clock: 22 | Queue Length: 4
1> Event: Processed message | System Time: 2025-02-28 17:46:15 | Logical Clock: 26 | Queue Length: 3
1> Event: Processed message | System Time: 2025-02-28 17:46:15 | Logical Clock: 28 | Queue Length: 3
1> Event: Processed message | System Time: 2025-02-28 17:46:16 | Logical Clock: 29 | Queue Length: 2
1> Event: Processed message | System Time: 2025-02-28 17:46:16 | Logical Clock: 37 | Queue Length: 2
1> Event: Processed message | System Time: 2025-02-28 17:46:17 | Logical Clock: 43 | Queue Length: 3
1> Event: Processed message | System Time: 2025-02-28 17:46:17 | Logical Clock: 45 | Queue Length: 2
1> Event: Processed message | System Time: 2025-02-28 17:46:18 | Logical Clock: 47 | Queue Length: 2
1> Event: Processed message | System Time: 2025-02-28 17:46:18 | Logical Clock: 50 | Queue Length: 3
1> Event: Processed message | System Time: 2025-02-28 17:46:19 | Logical Clock: 52 | Queue Length: 2
1> Event: Processed message | System Time: 2025-02-28 17:46:19 | Logical Clock: 53 | Queue Length: 3
1> Event: Processed message | System Time: 2025-02-28 17:46:20 | Logical Clock: 56 | Queue Length: 3
1> Event: Processed message | System Time: 2025-02-28 17:46:20 | Logical Clock: 57 | Queue Length: 3
1> Event: Processed message | System Time: 2025-02-28 17:46:21 | Logical Clock: 63 | Queue Length: 2
1> Event: Processed message | System Time: 2025-02-28 17:46:21 | Logical Clock: 66 | Queue Length: 3
1> Event: Processed message | System Time: 2025-02-28 17:46:22 | Logical Clock: 72 | Queue Length: 2
1> Event: Processed message | System Time: 2025-02-28 17:46:22 | Logical Clock: 74 | Queue Length: 1
1> Event: Internal event | System Time: 2025-02-28 17:46:23 | Logical Clock: 75 | Queue Length: 0
1> Event: Processed message | System Time: 2025-02-28 17:46:23 | Logical Clock: 83 | Queue Length: 2
1> Event: Processed message | System Time: 2025-02-28 17:46:24 | Logical Clock: 84 | Queue Length: 3
1> Event: Processed message | System Time: 2025-02-28 17:46:24 | Logical Clock: 86 | Queue Length: 2
1> Event: Processed message | System Time: 2025-02-28 17:46:25 | Logical Clock: 87 | Queue Length: 2
1> Event: Processed message | System Time: 2025-02-28 17:46:25 | Logical Clock: 92 | Queue Length: 1
1> Event: Processed message | System Time: 2025-02-28 17:46:26 | Logical Clock: 98 | Queue Length: 1
1> Event: Processed message | System Time: 2025-02-28 17:46:26 | Logical Clock: 101 | Queue Length: 2
1> Event: Processed message | System Time: 2025-02-28 17:46:27 | Logical Clock: 103 | Queue Length: 4
1> Event: Processed message | System Time: 2025-02-28 17:46:27 | Logical Clock: 104 | Queue Length: 5
1> Event: Processed message | System Time: 2025-02-28 17:46:28 | Logical Clock: 105 | Queue Length: 4
1> Event: Processed message | System Time: 2025-02-28 17:46:28 | Logical Clock: 106 | Queue Length: 4
1> Event: Processed message | System Time: 2025-02-28 17:46:29 | Logical Clock: 107 | Queue Length: 6
1> Event: Processed message | System Time: 2025-02-28 17:46:29 | Logical Clock: 108 | Queue Length: 7
1> Event: Processed message | System Time: 2025-02-28 17:46:30 | Logical Clock: 115 | Queue Length: 9
1> Event: Processed message | System Time: 2025-02-28 17:46:30 | Logical Clock: 116 | Queue Length: 10
1> Event: Processed message | System Time: 2025-02-28 17:46:31 | Logical Clock: 117 | Queue Length: 9
1> Event: Processed message | System Time: 2025-02-28 17:46:31 | Logical Clock: 118 | Queue Length: 9
1> Event: Processed message | System Time: 2025-02-28 17:46:32 | Logical Clock: 119 | Queue Length: 9
1> Event: Processed message | System Time: 2025-02-28 17:46:32 | Logical Clock: 120 | Queue Length: 9
1> Event: Processed message | System Time: 2025-02-28 17:46:33 | Logical Clock: 121 | Queue Length: 9
1> Event: Processed message | System Time: 2025-02-28 17:46:33 | Logical Clock: 123 | Queue Length: 9
1> Event: Processed message | System Time: 2025-02-28 17:46:34 | Logical Clock: 124 | Queue Length: 8
1> Event: Processed message | System Time: 2025-02-28 17:46:34 | Logical Clock: 125 | Queue Length: 9
1> Event: Processed message | System Time: 2025-02-28 17:46:35 | Logical Clock: 126 | Queue Length: 9
1> Event: Processed message | System Time: 2025-02-28 17:46:36 | Logical Clock: 131 | Queue Length: 9
1> Event: Processed message | System Time: 2025-02-28 17:46:36 | Logical Clock: 133 | Queue Length: 8
1> Event: Processed message | System Time: 2025-02-28 17:46:37 | Logical Clock: 136 | Queue Length: 9
1> Event: Processed message | System Time: 2025-02-28 17:46:37 | Logical Clock: 141 | Queue Length: 8
1> Event: Processed message | System Time: 2025-02-28 17:46:38 | Logical Clock: 143 | Queue Length: 8
1> Event: Processed message | System Time: 2025-02-28 17:46:38 | Logical Clock: 148 | Queue Length: 7
1> Event: Processed message | System Time: 2025-02-28 17:46:39 | Logical Clock: 149 | Queue Length: 6
1> Event: Processed message | System Time: 2025-02-28 17:46:39 | Logical Clock: 153 | Queue Length: 6
1> Event: Processed message | System Time: 2025-02-28 17:46:40 | Logical Clock: 155 | Queue Length: 5
1> Event: Processed message | System Time: 2025-02-28 17:46:40 | Logical Clock: 161 | Queue Length: 4
1> Event: Processed message | System Time: 2025-02-28 17:46:41 | Logical Clock: 162 | Queue Length: 3
1> Event: Processed message | System Time: 2025-02-28 17:46:41 | Logical Clock: 168 | Queue Length: 3
1> Event: Processed message | System Time: 2025-02-28 17:46:42 | Logical Clock: 174 | Queue Length: 2
1> Event: Processed message | System Time: 2025-02-28 17:46:42 | Logical Clock: 187 | Queue Length: 3
1> Event: Processed message | System Time: 2025-02-28 17:46:43 | Logical Clock: 193 | Queue Length: 2
1> Event: Processed message | System Time: 2025-02-28 17:46:43 | Logical Clock: 194 | Queue Length: 2
1> Event: Processed message | System Time: 2025-02-28 17:46:44 | Logical Clock: 200 | Queue Length: 2
1> Event: Processed message | System Time: 2025-02-28 17:46:44 | Logical Clock: 201 | Queue Length: 2
1> Event: Processed message | System Time: 2025-02-28 17:46:45 | Logical Clock: 205 | Queue Length: 2
1> Event: Processed message | System Time: 2025-02-28 17:46:45 | Logical Clock: 206 | Queue Length: 1
1> Event: Processed message | System Time: 2025-02-28 17:46:46 | Logical Clock: 213 | Queue Length: 2
1> Event: Processed message | System Time: 2025-02-28 17:46:46 | Logical Clock: 214 | Queue Length: 1
1> Event: Sent message to machine 2 | System Time: 2025-02-28 17:46:47 | Logical Clock: 215 | Queue Length: 0
1> Event: Processed message | System Time: 2025-02-28 17:46:47 | Logical Clock: 223 | Queue Length: 1
1> Event: Processed message | System Time: 2025-02-28 17:46:48 | Logical Clock: 227 | Queue Length: 1
1> Event: Processed message | System Time: 2025-02-28 17:46:48 | Logical Clock: 230 | Queue Length: 1
1> Event: Processed message | System Time: 2025-02-28 17:46:49 | Logical Clock: 231 | Queue Length: 2
1> Event: Processed message | System Time: 2025-02-28 17:46:49 | Logical Clock: 232 | Queue Length: 1
1> Event: Internal event | System Time: 2025-02-28 17:46:50 | Logical Clock: 233 | Queue Length: 0
1> Event: Sent message to machine 2 | System Time: 2025-02-28 17:46:50 | Logical Clock: 234 | Queue Length: 0
1> Event: Processed message | System Time: 2025-02-28 17:46:51 | Logical Clock: 245 | Queue Length: 2
1> Event: Processed message | System Time: 2025-02-28 17:46:51 | Logical Clock: 246 | Queue Length: 2
1> Event: Processed message | System Time: 2025-02-28 17:46:52 | Logical Clock: 248 | Queue Length: 1
1> Event: Processed message | System Time: 2025-02-28 17:46:52 | Logical Clock: 251 | Queue Length: 2
1> Event: Processed message | System Time: 2025-02-28 17:46:53 | Logical Clock: 252 | Queue Length: 2
1> Event: Processed message | System Time: 2025-02-28 17:46:53 | Logical Clock: 253 | Queue Length: 2
1> Event: Processed message | System Time: 2025-02-28 17:46:54 | Logical Clock: 256 | Queue Length: 1
1> Event: Processed message | System Time: 2025-02-28 17:46:54 | Logical Clock: 266 | Queue Length: 1
1> Event: Processed message | System Time: 2025-02-28 17:46:55 | Logical Clock: 267 | Queue Length: 2
1> Event: Processed message | System Time: 2025-02-28 17:46:55 | Logical Clock: 269 | Queue Length: 1
1> Event: Processed message | System Time: 2025-02-28 17:46:56 | Logical Clock: 272 | Queue Length: 1
1> Event: Processed message | System Time: 2025-02-28 17:46:56 | Logical Clock: 277 | Queue Length: 1
1> Event: Internal event | System Time: 2025-02-28 17:46:57 | Logical Clock: 278 | Queue Length: 0
1> Event: Internal event | System Time: 2025-02-28 17:46:57 | Logical Clock: 279 | Queue Length: 0
1> Event: Processed message | System Time: 2025-02-28 17:46:58 | Logical Clock: 284 | Queue Length: 2
1> Event: Processed message | System Time: 2025-02-28 17:46:58 | Logical Clock: 287 | Queue Length: 3
1> Event: Processed message | System Time: 2025-02-28 17:46:59 | Logical Clock: 288 | Queue Length: 4
1> Event: Processed message | System Time: 2025-02-28 17:46:59 | Logical Clock: 289 | Queue Length: 3
1> Event: Processed message | System Time: 2025-02-28 17:47:00 | Logical Clock: 290 | Queue Length: 2
1> Event: Processed message | System Time: 2025-02-28 17:47:00 | Logical Clock: 292 | Queue Length: 1
1> Event: Internal event | System Time: 2025-02-28 17:47:01 | Logical Clock: 293 | Queue Length: 0
1> Event: Sent message to machine 2 | System Time: 2025-02-28 17:47:01 | Logical Clock: 294 | Queue Length: 0
1> Event: Sent message to machine 3 | System Time: 2025-02-28 17:47:01 | Logical Clock: 294 | Queue Length: 0
1> Event: Sent message to machine 3 | System Time: 2025-02-28 17:47:02 | Logical Clock: 295 | Queue Length: 0
1> Event: Internal event | System Time: 2025-02-28 17:47:02 | Logical Clock: 296 | Queue Length: 0
1> Event: Sent message to machine 2 | System Time: 2025-02-28 17:47:03 | Logical Clock: 297 | Queue Length: 0
1> Event: Internal event | System Time: 2025-02-28 17:47:03 | Logical Clock: 298 | Queue Length: 0
1> Event: Processed message | System Time: 2025-02-28 17:47:04 | Logical Clock: 320 | Queue Length: 1
1> Event: Internal event | System Time: 2025-02-28 17:47:04 | Logical Clock: 321 | Queue Length: 0
1> Event: Sent message to machine 2 | System Time: 2025-02-28 17:47:05 | Logical Clock: 322 | Queue Length: 0
1> Event: Sent message to machine 3 | System Time: 2025-02-28 17:47:05 | Logical Clock: 323 | Queue Length: 0
1> Event: Sent message to machine 3 | System Time: 2025-02-28 17:47:06 | Logical Clock: 324 | Queue Length: 0
1> Event: Sent message to machine 3 | System Time: 2025-02-28 17:47:06 | Logical Clock: 325 | Queue Length: 0
1> Event: Processed message | System Time: 2025-02-28 17:47:07 | Logical Clock: 337 | Queue Length: 2
1> Event: Processed message | System Time: 2025-02-28 17:47:07 | Logical Clock: 339 | Queue Length: 2
1> Event: Processed message | System Time: 2025-02-28 17:47:08 | Logical Clock: 341 | Queue Length: 3
1> Event: Processed message | System Time: 2025-02-28 17:47:08 | Logical Clock: 343 | Queue Length: 2
1> Event: Stopped | System Time: 2025-02-28 17:47:09 | Logical Clock: 343 | Queue Length: 1
1> Event: Processed message | System Time: 2025-02-28 17:47:09 | Logical Clock: 345 | Queue Length: 1
